This file contains any messages produced by compilers while
running configure, to aid debugging if configure makes a mistake.

It was created by FULL-PACKAGE-NAME configure VERSION, which was
generated by GNU Autoconf 2.69.  Invocation command line was

  $ ./configure 

## --------- ##
## Platform. ##
## --------- ##

hostname = fpliu@MacBook-Pro
uname -m = x86_64
uname -r = 19.6.0
uname -s = Darwin
uname -v = Darwin Kernel Version 19.6.0: Thu Oct 29 22:56:45 PDT 2020; root:xnu-6153.141.2.2~1/RELEASE_X86_64

/usr/bin/uname -p = i386
/bin/uname -X     = unknown

/bin/arch              = unknown
/usr/bin/arch -k       = unknown
/usr/convex/getsysinfo = unknown
/usr/bin/hostinfo      = Mach kernel version:
	 Darwin Kernel Version 19.6.0: Thu Oct 29 22:56:45 PDT 2020; root:xnu-6153.141.2.2~1/RELEASE_X86_64
Kernel configured for up to 8 processors.
4 processors are physically available.
8 processors are logically available.
Processor type: x86_64h (Intel x86-64h Haswell)
Processors active: 0 1 2 3 4 5 6 7
Primary memory available: 16.00 gigabytes
Default processor set: 511 tasks, 3991 threads, 8 processors
Load average: 2.09, Mach factor: 5.90
/bin/machine           = unknown
/usr/bin/oslevel       = unknown
/bin/universe          = unknown

PATH: /usr/local/opt/emsdk
PATH: /usr/local/opt/emsdk/upstream/emscripten
PATH: /Users/leleliu008/.rvm/gems/ruby-2.6.3/bin
PATH: /Users/leleliu008/.rvm/gems/ruby-2.6.3@global/bin
PATH: /Users/leleliu008/.rvm/rubies/ruby-2.6.3/bin
PATH: /Users/leleliu008/.rvm/bin
PATH: /Users/leleliu008/.cargo/bin
PATH: /usr/local/Cellar/perl/5.32.0/bin
PATH: /usr/local/nginx/sbin
PATH: /usr/local/share/flutter/bin
PATH: /usr/local/opt/mysql-client/bin
PATH: /usr/local/opt/gcc/bin
PATH: /Users/leleliu008/.dotnet/tools
PATH: /usr/local/opt/sqlite3/bin
PATH: /usr/local/opt/qt/bin
PATH: /usr/local/opt/libffi/bin
PATH: /usr/local/opt/ncurses/bin
PATH: /usr/local/opt/readline/bin
PATH: /usr/local/opt/bison/bin
PATH: /usr/local/opt/gettext/bin
PATH: /usr/local/opt/libxml2/bin
PATH: /usr/local/opt/curl/bin
PATH: /Users/leleliu008/.sdkman/candidates/springboot/current/bin
PATH: /Users/leleliu008/red5-server
PATH: /Users/leleliu008/.fastlane/bin
PATH: /usr/local/opt/android-sdk/ndk-bundle
PATH: /usr/local/opt/android-sdk/build-tools/28.0.3
PATH: /usr/local/opt/android-sdk/platform-tools
PATH: /usr/local/opt/android-sdk/cmdline-tools/tools/bin
PATH: /usr/local/sbin
PATH: /opt/local/bin
PATH: /opt/local/sbin
PATH: /Users/leleliu008/.nvm/versions/node/v10.15.1/bin
PATH: /usr/local/bin
PATH: /usr/bin
PATH: /bin
PATH: /usr/sbin
PATH: /sbin
PATH: /Applications/VMware Fusion.app/Contents/Public
PATH: /usr/local/share/dotnet
PATH: ~/.dotnet/tools
PATH: /Library/Apple/usr/bin
PATH: /Users/leleliu008/.composer/vendor/bin


## ----------- ##
## Core tests. ##
## ----------- ##

configure:1893: checking for a BSD-compatible install
configure:1961: result: /usr/local/bin/ginstall -c
configure:1972: checking whether build environment is sane
configure:2027: result: yes
configure:2173: checking for a thread-safe mkdir -p
configure:2212: result: /usr/local/bin/gmkdir -p
configure:2219: checking for gawk
configure:2235: found /usr/local/bin/gawk
configure:2246: result: gawk
configure:2257: checking whether make sets $(MAKE)
configure:2279: result: yes
configure:2308: checking whether make supports nested variables
configure:2325: result: yes
configure:2469: checking whether make supports the include directive
configure:2484: make -f confmf.GNU && cat confinc.out
this is the am__doit target
configure:2487: $? = 0
configure:2506: result: yes (GNU style)
configure:2576: checking for gcc
configure:2592: found /usr/bin/gcc
configure:2603: result: gcc
configure:2832: checking for C compiler version
configure:2841: gcc --version >&5
Apple clang version 12.0.0 (clang-1200.0.32.28)
Target: x86_64-apple-darwin19.6.0
Thread model: posix
InstalledDir: /Applications/Xcode.app/Contents/Developer/Toolchains/XcodeDefault.xctoolchain/usr/bin
Configured with: --prefix=/Applications/Xcode.app/Contents/Developer/usr --with-gxx-include-dir=/Library/Developer/CommandLineTools/SDKs/MacOSX10.15.sdk/usr/include/c++/4.2.1
configure:2852: $? = 0
configure:2841: gcc -v >&5
Configured with: --prefix=/Applications/Xcode.app/Contents/Developer/usr --with-gxx-include-dir=/Library/Developer/CommandLineTools/SDKs/MacOSX10.15.sdk/usr/include/c++/4.2.1
Apple clang version 12.0.0 (clang-1200.0.32.28)
Target: x86_64-apple-darwin19.6.0
Thread model: posix
InstalledDir: /Applications/Xcode.app/Contents/Developer/Toolchains/XcodeDefault.xctoolchain/usr/bin
configure:2852: $? = 0
configure:2841: gcc -V >&5
clang: error: argument to '-V' is missing (expected 1 value)
clang: error: no input files
configure:2852: $? = 1
configure:2841: gcc -qversion >&5
clang: error: unknown argument '-qversion'; did you mean '--version'?
clang: error: no input files
configure:2852: $? = 1
configure:2872: checking whether the C compiler works
configure:2894: gcc   -I/usr/local/opt/curl/include -I/usr/local/opt/libxml2/include -I/usr/local/opt/gettext/include -I/usr/local/opt/bison/include -I/usr/local/opt/readline/include -I/usr/local/opt/ncurses/include -I/usr/local/opt/libffi/include -I/usr/local/opt/qt/include -I/usr/local/opt/sqlite3/include  -L/usr/local/opt/curl/lib -L/usr/local/opt/libxml2/lib -L/usr/local/opt/gettext/lib -L/usr/local/opt/bison/lib -L/usr/local/opt/readline/lib -L/usr/local/opt/ncurses/lib -L/usr/local/opt/libffi/lib -L/usr/local/opt/qt/lib -L/usr/local/opt/sqlite3/lib conftest.c  >&5
configure:2898: $? = 0
configure:2946: result: yes
configure:2949: checking for C compiler default output file name
configure:2951: result: a.out
configure:2957: checking for suffix of executables
configure:2964: gcc -o conftest   -I/usr/local/opt/curl/include -I/usr/local/opt/libxml2/include -I/usr/local/opt/gettext/include -I/usr/local/opt/bison/include -I/usr/local/opt/readline/include -I/usr/local/opt/ncurses/include -I/usr/local/opt/libffi/include -I/usr/local/opt/qt/include -I/usr/local/opt/sqlite3/include  -L/usr/local/opt/curl/lib -L/usr/local/opt/libxml2/lib -L/usr/local/opt/gettext/lib -L/usr/local/opt/bison/lib -L/usr/local/opt/readline/lib -L/usr/local/opt/ncurses/lib -L/usr/local/opt/libffi/lib -L/usr/local/opt/qt/lib -L/usr/local/opt/sqlite3/lib conftest.c  >&5
configure:2968: $? = 0
configure:2990: result: 
configure:3012: checking whether we are cross compiling
configure:3020: gcc -o conftest   -I/usr/local/opt/curl/include -I/usr/local/opt/libxml2/include -I/usr/local/opt/gettext/include -I/usr/local/opt/bison/include -I/usr/local/opt/readline/include -I/usr/local/opt/ncurses/include -I/usr/local/opt/libffi/include -I/usr/local/opt/qt/include -I/usr/local/opt/sqlite3/include  -L/usr/local/opt/curl/lib -L/usr/local/opt/libxml2/lib -L/usr/local/opt/gettext/lib -L/usr/local/opt/bison/lib -L/usr/local/opt/readline/lib -L/usr/local/opt/ncurses/lib -L/usr/local/opt/libffi/lib -L/usr/local/opt/qt/lib -L/usr/local/opt/sqlite3/lib conftest.c  >&5
configure:3024: $? = 0
configure:3031: ./conftest
configure:3035: $? = 0
configure:3050: result: no
configure:3055: checking for suffix of object files
configure:3077: gcc -c   -I/usr/local/opt/curl/include -I/usr/local/opt/libxml2/include -I/usr/local/opt/gettext/include -I/usr/local/opt/bison/include -I/usr/local/opt/readline/include -I/usr/local/opt/ncurses/include -I/usr/local/opt/libffi/include -I/usr/local/opt/qt/include -I/usr/local/opt/sqlite3/include conftest.c >&5
configure:3081: $? = 0
configure:3102: result: o
configure:3106: checking whether we are using the GNU C compiler
configure:3125: gcc -c   -I/usr/local/opt/curl/include -I/usr/local/opt/libxml2/include -I/usr/local/opt/gettext/include -I/usr/local/opt/bison/include -I/usr/local/opt/readline/include -I/usr/local/opt/ncurses/include -I/usr/local/opt/libffi/include -I/usr/local/opt/qt/include -I/usr/local/opt/sqlite3/include conftest.c >&5
configure:3125: $? = 0
configure:3134: result: yes
configure:3143: checking whether gcc accepts -g
configure:3163: gcc -c -g  -I/usr/local/opt/curl/include -I/usr/local/opt/libxml2/include -I/usr/local/opt/gettext/include -I/usr/local/opt/bison/include -I/usr/local/opt/readline/include -I/usr/local/opt/ncurses/include -I/usr/local/opt/libffi/include -I/usr/local/opt/qt/include -I/usr/local/opt/sqlite3/include conftest.c >&5
configure:3163: $? = 0
configure:3204: result: yes
configure:3221: checking for gcc option to accept ISO C89
configure:3284: gcc  -c -g -O2  -I/usr/local/opt/curl/include -I/usr/local/opt/libxml2/include -I/usr/local/opt/gettext/include -I/usr/local/opt/bison/include -I/usr/local/opt/readline/include -I/usr/local/opt/ncurses/include -I/usr/local/opt/libffi/include -I/usr/local/opt/qt/include -I/usr/local/opt/sqlite3/include conftest.c >&5
configure:3284: $? = 0
configure:3297: result: none needed
configure:3322: checking whether gcc understands -c and -o together
configure:3344: gcc -c conftest.c -o conftest2.o
configure:3347: $? = 0
configure:3344: gcc -c conftest.c -o conftest2.o
configure:3347: $? = 0
configure:3359: result: yes
configure:3378: checking dependency style of gcc
configure:3489: result: gcc3
configure:3504: checking for gcc option to accept ISO C99
configure:3653: gcc  -c -g -O2  -I/usr/local/opt/curl/include -I/usr/local/opt/libxml2/include -I/usr/local/opt/gettext/include -I/usr/local/opt/bison/include -I/usr/local/opt/readline/include -I/usr/local/opt/ncurses/include -I/usr/local/opt/libffi/include -I/usr/local/opt/qt/include -I/usr/local/opt/sqlite3/include conftest.c >&5
configure:3653: $? = 0
configure:3666: result: none needed
configure:3686: checking how to run the C preprocessor
configure:3717: gcc -E  -I/usr/local/opt/curl/include -I/usr/local/opt/libxml2/include -I/usr/local/opt/gettext/include -I/usr/local/opt/bison/include -I/usr/local/opt/readline/include -I/usr/local/opt/ncurses/include -I/usr/local/opt/libffi/include -I/usr/local/opt/qt/include -I/usr/local/opt/sqlite3/include conftest.c
configure:3717: $? = 0
configure:3731: gcc -E  -I/usr/local/opt/curl/include -I/usr/local/opt/libxml2/include -I/usr/local/opt/gettext/include -I/usr/local/opt/bison/include -I/usr/local/opt/readline/include -I/usr/local/opt/ncurses/include -I/usr/local/opt/libffi/include -I/usr/local/opt/qt/include -I/usr/local/opt/sqlite3/include conftest.c
conftest.c:11:10: fatal error: 'ac_nonexistent.h' file not found
#include <ac_nonexistent.h>
         ^~~~~~~~~~~~~~~~~~
1 error generated.
configure:3731: $? = 1
configure: failed program was:
| /* confdefs.h */
| #define PACKAGE_NAME "FULL-PACKAGE-NAME"
| #define PACKAGE_TARNAME "full-package-name"
| #define PACKAGE_VERSION "VERSION"
| #define PACKAGE_STRING "FULL-PACKAGE-NAME VERSION"
| #define PACKAGE_BUGREPORT "BUG-REPORT-ADDRESS"
| #define PACKAGE_URL ""
| #define PACKAGE "full-package-name"
| #define VERSION "VERSION"
| /* end confdefs.h.  */
| #include <ac_nonexistent.h>
configure:3756: result: gcc -E
configure:3776: gcc -E  -I/usr/local/opt/curl/include -I/usr/local/opt/libxml2/include -I/usr/local/opt/gettext/include -I/usr/local/opt/bison/include -I/usr/local/opt/readline/include -I/usr/local/opt/ncurses/include -I/usr/local/opt/libffi/include -I/usr/local/opt/qt/include -I/usr/local/opt/sqlite3/include conftest.c
configure:3776: $? = 0
configure:3790: gcc -E  -I/usr/local/opt/curl/include -I/usr/local/opt/libxml2/include -I/usr/local/opt/gettext/include -I/usr/local/opt/bison/include -I/usr/local/opt/readline/include -I/usr/local/opt/ncurses/include -I/usr/local/opt/libffi/include -I/usr/local/opt/qt/include -I/usr/local/opt/sqlite3/include conftest.c
conftest.c:11:10: fatal error: 'ac_nonexistent.h' file not found
#include <ac_nonexistent.h>
         ^~~~~~~~~~~~~~~~~~
1 error generated.
configure:3790: $? = 1
configure: failed program was:
| /* confdefs.h */
| #define PACKAGE_NAME "FULL-PACKAGE-NAME"
| #define PACKAGE_TARNAME "full-package-name"
| #define PACKAGE_VERSION "VERSION"
| #define PACKAGE_STRING "FULL-PACKAGE-NAME VERSION"
| #define PACKAGE_BUGREPORT "BUG-REPORT-ADDRESS"
| #define PACKAGE_URL ""
| #define PACKAGE "full-package-name"
| #define VERSION "VERSION"
| /* end confdefs.h.  */
| #include <ac_nonexistent.h>
configure:3822: checking build system type
configure:3836: result: x86_64-apple-darwin19.6.0
configure:3907: checking for x86_64-apple-darwin19.6.0-gcc
configure:3937: result: no
configure:3947: checking for gcc
configure:3963: found /usr/bin/gcc
configure:3974: result: gcc
configure:4203: checking for C compiler version
configure:4212: gcc --version >&5
Apple clang version 12.0.0 (clang-1200.0.32.28)
Target: x86_64-apple-darwin19.6.0
Thread model: posix
InstalledDir: /Applications/Xcode.app/Contents/Developer/Toolchains/XcodeDefault.xctoolchain/usr/bin
Configured with: --prefix=/Applications/Xcode.app/Contents/Developer/usr --with-gxx-include-dir=/Library/Developer/CommandLineTools/SDKs/MacOSX10.15.sdk/usr/include/c++/4.2.1
configure:4223: $? = 0
configure:4212: gcc -v >&5
Configured with: --prefix=/Applications/Xcode.app/Contents/Developer/usr --with-gxx-include-dir=/Library/Developer/CommandLineTools/SDKs/MacOSX10.15.sdk/usr/include/c++/4.2.1
Apple clang version 12.0.0 (clang-1200.0.32.28)
Target: x86_64-apple-darwin19.6.0
Thread model: posix
InstalledDir: /Applications/Xcode.app/Contents/Developer/Toolchains/XcodeDefault.xctoolchain/usr/bin
configure:4223: $? = 0
configure:4212: gcc -V >&5
clang: error: argument to '-V' is missing (expected 1 value)
clang: error: no input files
configure:4223: $? = 1
configure:4212: gcc -qversion >&5
clang: error: unknown argument '-qversion'; did you mean '--version'?
clang: error: no input files
configure:4223: $? = 1
configure:4227: checking whether we are using the GNU C compiler
configure:4246: gcc -c   conftest.c >&5
configure:4246: $? = 0
configure:4255: result: yes
configure:4264: checking whether gcc accepts -g
configure:4284: gcc -c -g  conftest.c >&5
configure:4284: $? = 0
configure:4325: result: yes
configure:4342: checking for gcc option to accept ISO C89
configure:4405: gcc  -c -g -O2  conftest.c >&5
configure:4405: $? = 0
configure:4418: result: none needed
configure:4443: checking whether gcc understands -c and -o together
configure:4465: gcc -c conftest.c -o conftest2.
configure:4468: $? = 0
configure:4465: gcc -c conftest.c -o conftest2.
configure:4468: $? = 0
configure:4480: result: yes
configure:4499: checking dependency style of gcc
configure:4610: result: gcc3
configure:4630: checking for gcc option to accept ISO C99
configure:4779: gcc  -c -g -O2  conftest.c >&5
configure:4779: $? = 0
configure:4792: result: none needed
configure:4813: checking how to run the C preprocessor
configure:4844: gcc -E  conftest.c
configure:4844: $? = 0
configure:4858: gcc -E  conftest.c
conftest.c:11:10: fatal error: 'ac_nonexistent.h' file not found
#include <ac_nonexistent.h>
         ^~~~~~~~~~~~~~~~~~
1 error generated.
configure:4858: $? = 1
configure: failed program was:
| /* confdefs.h */
| #define PACKAGE_NAME "FULL-PACKAGE-NAME"
| #define PACKAGE_TARNAME "full-package-name"
| #define PACKAGE_VERSION "VERSION"
| #define PACKAGE_STRING "FULL-PACKAGE-NAME VERSION"
| #define PACKAGE_BUGREPORT "BUG-REPORT-ADDRESS"
| #define PACKAGE_URL ""
| #define PACKAGE "full-package-name"
| #define VERSION "VERSION"
| /* end confdefs.h.  */
| #include <ac_nonexistent.h>
configure:4883: result: gcc -E
configure:4903: gcc -E  conftest.c
configure:4903: $? = 0
configure:4917: gcc -E  conftest.c
conftest.c:11:10: fatal error: 'ac_nonexistent.h' file not found
#include <ac_nonexistent.h>
         ^~~~~~~~~~~~~~~~~~
1 error generated.
configure:4917: $? = 1
configure: failed program was:
| /* confdefs.h */
| #define PACKAGE_NAME "FULL-PACKAGE-NAME"
| #define PACKAGE_TARNAME "full-package-name"
| #define PACKAGE_VERSION "VERSION"
| #define PACKAGE_STRING "FULL-PACKAGE-NAME VERSION"
| #define PACKAGE_BUGREPORT "BUG-REPORT-ADDRESS"
| #define PACKAGE_URL ""
| #define PACKAGE "full-package-name"
| #define VERSION "VERSION"
| /* end confdefs.h.  */
| #include <ac_nonexistent.h>
configure:4971: checking for cc for build
configure:4978: result: gcc
configure:5101: checking that generated files are newer than configure
configure:5107: result: done
configure:5134: creating ./config.status

## ---------------------- ##
## Running config.status. ##
## ---------------------- ##

This file was extended by FULL-PACKAGE-NAME config.status VERSION, which was
generated by GNU Autoconf 2.69.  Invocation command line was

  CONFIG_FILES    = 
  CONFIG_HEADERS  = 
  CONFIG_LINKS    = 
  CONFIG_COMMANDS = 
  $ ./config.status 

on fpliu@MacBook-Pro

config.status:855: creating Makefile
config.status:855: creating src/Makefile
config.status:855: creating config.h
config.status:1036: config.h is unchanged
config.status:1084: executing depfiles commands
config.status:1161: cd src       && sed -e '/# am--include-marker/d' Makefile         | make -f - am--depfiles
make: Nothing to be done for `am--depfiles'.
config.status:1166: $? = 0

## ---------------- ##
## Cache variables. ##
## ---------------- ##

ac_cv_build=x86_64-apple-darwin19.6.0
ac_cv_build_prog_CPP='gcc -E'
ac_cv_build_prog_cc_c89=
ac_cv_build_prog_cc_c99=
ac_cv_build_prog_cc_g=yes
ac_cv_c_compiler_gnu=yes
ac_cv_c_compiler_gnu_saved=yes
ac_cv_env_CC_FOR_BUILD_set=
ac_cv_env_CC_FOR_BUILD_value=
ac_cv_env_CC_set=
ac_cv_env_CC_value=
ac_cv_env_CFLAGS_set=
ac_cv_env_CFLAGS_value=
ac_cv_env_CPPFLAGS_set=set
ac_cv_env_CPPFLAGS_value=' -I/usr/local/opt/curl/include -I/usr/local/opt/libxml2/include -I/usr/local/opt/gettext/include -I/usr/local/opt/bison/include -I/usr/local/opt/readline/include -I/usr/local/opt/ncurses/include -I/usr/local/opt/libffi/include -I/usr/local/opt/qt/include -I/usr/local/opt/sqlite3/include'
ac_cv_env_CPP_set=
ac_cv_env_CPP_value=
ac_cv_env_LDFLAGS_set=set
ac_cv_env_LDFLAGS_value=' -L/usr/local/opt/curl/lib -L/usr/local/opt/libxml2/lib -L/usr/local/opt/gettext/lib -L/usr/local/opt/bison/lib -L/usr/local/opt/readline/lib -L/usr/local/opt/ncurses/lib -L/usr/local/opt/libffi/lib -L/usr/local/opt/qt/lib -L/usr/local/opt/sqlite3/lib'
ac_cv_env_LIBS_set=
ac_cv_env_LIBS_value=
ac_cv_env_build_alias_set=
ac_cv_env_build_alias_value=
ac_cv_env_host_alias_set=
ac_cv_env_host_alias_value=
ac_cv_env_target_alias_set=
ac_cv_env_target_alias_value=
ac_cv_objext=o
ac_cv_path_install='/usr/local/bin/ginstall -c'
ac_cv_path_mkdir=/usr/local/bin/gmkdir
ac_cv_prog_AWK=gawk
ac_cv_prog_CPP='gcc -E'
ac_cv_prog_ac_ct_CC=gcc
ac_cv_prog_ac_ct_CC_FOR_BUILD=gcc
ac_cv_prog_cc_c89=
ac_cv_prog_cc_c99=
ac_cv_prog_cc_g=yes
ac_cv_prog_make_make_set=yes
am_cv_CC_dependencies_compiler_type=gcc3
am_cv_build_CC_dependencies_compiler_type=gcc3
am_cv_build_prog_cc_c_o=yes
am_cv_make_support_nested_variables=yes
am_cv_prog_cc_c_o=yes

## ----------------- ##
## Output variables. ##
## ----------------- ##

ACLOCAL='${SHELL} '\''/Users/leleliu008/git/C/autotools/build-aux/missing'\'' aclocal-1.16'
AMDEPBACKSLASH='\'
AMDEP_FALSE='#'
AMDEP_TRUE=''
AMTAR='$${TAR-tar}'
AM_BACKSLASH='\'
AM_DEFAULT_V='$(AM_DEFAULT_VERBOSITY)'
AM_DEFAULT_VERBOSITY='1'
AM_V='$(V)'
AUTOCONF='${SHELL} '\''/Users/leleliu008/git/C/autotools/build-aux/missing'\'' autoconf'
AUTOHEADER='${SHELL} '\''/Users/leleliu008/git/C/autotools/build-aux/missing'\'' autoheader'
AUTOMAKE='${SHELL} '\''/Users/leleliu008/git/C/autotools/build-aux/missing'\'' automake-1.16'
AWK='gawk'
BUILD_EXEEXT=''
BUILD_OBJEXT=''
CC='gcc'
CCDEPMODE='depmode=gcc3'
CC_FOR_BUILD='gcc'
CFLAGS='-g -O2'
CFLAGS_FOR_BUILD='-g -O2'
CPP='gcc -E'
CPPFLAGS=' -I/usr/local/opt/curl/include -I/usr/local/opt/libxml2/include -I/usr/local/opt/gettext/include -I/usr/local/opt/bison/include -I/usr/local/opt/readline/include -I/usr/local/opt/ncurses/include -I/usr/local/opt/libffi/include -I/usr/local/opt/qt/include -I/usr/local/opt/sqlite3/include'
CPPFLAGS_FOR_BUILD=''
CPP_FOR_BUILD='gcc -E'
CYGPATH_W='echo'
DEFS='-DHAVE_CONFIG_H'
DEPDIR='.deps'
ECHO_C='\c'
ECHO_N=''
ECHO_T=''
EXEEXT=''
INSTALL_DATA='${INSTALL} -m 644'
INSTALL_PROGRAM='${INSTALL}'
INSTALL_SCRIPT='${INSTALL}'
INSTALL_STRIP_PROGRAM='$(install_sh) -c -s'
LDFLAGS=' -L/usr/local/opt/curl/lib -L/usr/local/opt/libxml2/lib -L/usr/local/opt/gettext/lib -L/usr/local/opt/bison/lib -L/usr/local/opt/readline/lib -L/usr/local/opt/ncurses/lib -L/usr/local/opt/libffi/lib -L/usr/local/opt/qt/lib -L/usr/local/opt/sqlite3/lib'
LDFLAGS_FOR_BUILD=''
LIBOBJS=''
LIBS=''
LTLIBOBJS=''
MAKEINFO='${SHELL} '\''/Users/leleliu008/git/C/autotools/build-aux/missing'\'' makeinfo'
MKDIR_P='/usr/local/bin/gmkdir -p'
OBJEXT='o'
PACKAGE='full-package-name'
PACKAGE_BUGREPORT='BUG-REPORT-ADDRESS'
PACKAGE_NAME='FULL-PACKAGE-NAME'
PACKAGE_STRING='FULL-PACKAGE-NAME VERSION'
PACKAGE_TARNAME='full-package-name'
PACKAGE_URL=''
PACKAGE_VERSION='VERSION'
PATH_SEPARATOR=':'
SET_MAKE=''
SHELL='/bin/sh'
STRIP=''
VERSION='VERSION'
ac_ct_CC='gcc'
ac_ct_CC_FOR_BUILD='gcc'
am__EXEEXT_FALSE=''
am__EXEEXT_TRUE='#'
am__fastdepCC_FALSE='#'
am__fastdepCC_TRUE=''
am__include='include'
am__isrc=''
am__leading_dot='.'
am__nodep='_no'
am__quote=''
am__tar='$${TAR-tar} chof - "$$tardir"'
am__untar='$${TAR-tar} xf -'
bindir='${exec_prefix}/bin'
build='x86_64-apple-darwin19.6.0'
build_alias=''
build_cpu='x86_64'
build_os='darwin19.6.0'
build_vendor='apple'
datadir='${datarootdir}'
datarootdir='${prefix}/share'
docdir='${datarootdir}/doc/${PACKAGE_TARNAME}'
dvidir='${docdir}'
exec_prefix='${prefix}'
host_alias=''
htmldir='${docdir}'
includedir='${prefix}/include'
infodir='${datarootdir}/info'
install_sh='${SHELL} /Users/leleliu008/git/C/autotools/build-aux/install-sh'
libdir='${exec_prefix}/lib'
libexecdir='${exec_prefix}/libexec'
localedir='${datarootdir}/locale'
localstatedir='${prefix}/var'
mandir='${datarootdir}/man'
mkdir_p='$(MKDIR_P)'
oldincludedir='/usr/include'
pdfdir='${docdir}'
prefix='/usr/local'
program_transform_name='s,x,x,'
psdir='${docdir}'
sbindir='${exec_prefix}/sbin'
sharedstatedir='${prefix}/com'
sysconfdir='${prefix}/etc'
target_alias=''

## ----------- ##
## confdefs.h. ##
## ----------- ##

/* confdefs.h */
#define PACKAGE_NAME "FULL-PACKAGE-NAME"
#define PACKAGE_TARNAME "full-package-name"
#define PACKAGE_VERSION "VERSION"
#define PACKAGE_STRING "FULL-PACKAGE-NAME VERSION"
#define PACKAGE_BUGREPORT "BUG-REPORT-ADDRESS"
#define PACKAGE_URL ""
#define PACKAGE "full-package-name"
#define VERSION "VERSION"

configure: exit 0
